<?xml version="1.0" encoding="UTF-8"?>
<!-- Generated by org.testng.reporters.JUnitReportReporter -->
<testsuite hostname="L005614" name="com.apttus.aic.operationalReports.Tests.SampleUITests" tests="14" failures="0" timestamp="31 May 2018 16:19:50 GMT" time="961.878" errors="0">
  <testcase name="CreatePieChartWizard" time="79.031" classname="com.apttus.aic.operationalReports.Tests.SampleUITests"/>
  <testcase name="CreatePivotChartWizard" time="84.599" classname="com.apttus.aic.operationalReports.Tests.SampleUITests"/>
  <testcase name="quickEditReport" time="57.284" classname="com.apttus.aic.operationalReports.Tests.SampleUITests"/>
  <testcase name="renameReport" time="48.998" classname="com.apttus.aic.operationalReports.Tests.SampleUITests"/>
  <testcase name="CreateLineChartWizard" time="75.854" classname="com.apttus.aic.operationalReports.Tests.SampleUITests"/>
  <testcase name="DeActivateReport" time="36.952" classname="com.apttus.aic.operationalReports.Tests.SampleUITests"/>
  <testcase name="CreateTabularReportWizard" time="89.473" classname="com.apttus.aic.operationalReports.Tests.SampleUITests"/>
  <testcase name="quickCreateReport" time="125.348" classname="com.apttus.aic.operationalReports.Tests.SampleUITests"/>
  <testcase name="createCloneReport" time="48.509" classname="com.apttus.aic.operationalReports.Tests.SampleUITests"/>
  <testcase name="ExportToCSV" time="42.774" classname="com.apttus.aic.operationalReports.Tests.SampleUITests"/>
  <testcase name="CreateHorizontalBarChartWizard" time="78.965" classname="com.apttus.aic.operationalReports.Tests.SampleUITests"/>
  <testcase name="ActivateReport" time="49.598" classname="com.apttus.aic.operationalReports.Tests.SampleUITests"/>
  <testcase name="DeleteReport" time="68.346" classname="com.apttus.aic.operationalReports.Tests.SampleUITests"/>
  <testcase name="CreateVerticalBarChartWizard" time="76.147" classname="com.apttus.aic.operationalReports.Tests.SampleUITests"/>
</testsuite> <!-- com.apttus.aic.operationalReports.Tests.SampleUITests -->
