<?xml version="1.0" encoding="UTF-8"?>
<!-- Generated by org.testng.reporters.JUnitReportReporter -->
<testsuite hostname="L005614" name="com.apttus.aic.operationalReports.Tests.DashboardUITest" tests="9" failures="0" timestamp="6 Aug 2018 07:26:16 GMT" time="314.305" errors="0">
  <testcase name="EditDashboard" time="58.860" classname="com.apttus.aic.operationalReports.Tests.DashboardUITest"/>
  <testcase name="CreateNewWidget" time="60.568" classname="com.apttus.aic.operationalReports.Tests.DashboardUITest"/>
  <testcase name="SearchOrderDashboard" time="62.137" classname="com.apttus.aic.operationalReports.Tests.DashboardUITest"/>
  <testcase name="DeleteNewWidget" time="16.791" classname="com.apttus.aic.operationalReports.Tests.DashboardUITest"/>
  <testcase name="CloneNewWidget" time="14.292" classname="com.apttus.aic.operationalReports.Tests.DashboardUITest"/>
  <testcase name="RenameDashboard" time="15.138" classname="com.apttus.aic.operationalReports.Tests.DashboardUITest"/>
  <testcase name="VerifydashboardviewerPage" time="10.128" classname="com.apttus.aic.operationalReports.Tests.DashboardUITest"/>
  <testcase name="DeleteTopDashboard" time="20.621" classname="com.apttus.aic.operationalReports.Tests.DashboardUITest"/>
  <testcase name="MaxDashboardCount" time="55.770" classname="com.apttus.aic.operationalReports.Tests.DashboardUITest"/>
</testsuite> <!-- com.apttus.aic.operationalReports.Tests.DashboardUITest -->
