<?xml version="1.0" encoding="UTF-8"?>
<!-- Generated by org.testng.reporters.JUnitReportReporter -->
<testsuite hostname="L005614" name="com.apttus.aic.operationalReports.Tests.ViewsUITest" tests="20" failures="0" timestamp="6 Aug 2018 07:26:16 GMT" time="550.812" errors="0">
  <testcase name="CreateQuickView" time="48.314" classname="com.apttus.aic.operationalReports.Tests.ViewsUITest"/>
  <testcase name="VerifyAnchorObjects" time="60.851" classname="com.apttus.aic.operationalReports.Tests.ViewsUITest"/>
  <testcase name="EditQuickView" time="15.520" classname="com.apttus.aic.operationalReports.Tests.ViewsUITest"/>
  <testcase name="CreateNewWigdetView" time="35.177" classname="com.apttus.aic.operationalReports.Tests.ViewsUITest"/>
  <testcase name="VerifyViewFilterPageEdt" time="59.064" classname="com.apttus.aic.operationalReports.Tests.ViewsUITest"/>
  <testcase name="VerifyManadatoryField" time="20.716" classname="com.apttus.aic.operationalReports.Tests.ViewsUITest"/>
  <testcase name="FilterNewWidget" time="8.646" classname="com.apttus.aic.operationalReports.Tests.ViewsUITest"/>
  <testcase name="VerifyPreviewPage" time="26.056" classname="com.apttus.aic.operationalReports.Tests.ViewsUITest"/>
  <testcase name="DeleteNewView" time="12.231" classname="com.apttus.aic.operationalReports.Tests.ViewsUITest"/>
  <testcase name="VerifyViewFieldsPage" time="32.076" classname="com.apttus.aic.operationalReports.Tests.ViewsUITest"/>
  <testcase name="VerifyLookUpsChildObjects" time="62.425" classname="com.apttus.aic.operationalReports.Tests.ViewsUITest"/>
  <testcase name="DeactivatedNewView" time="19.165" classname="com.apttus.aic.operationalReports.Tests.ViewsUITest"/>
  <testcase name="EditNewView" time="27.644" classname="com.apttus.aic.operationalReports.Tests.ViewsUITest"/>
  <testcase name="RemoveViewConfig" time="6.844" classname="com.apttus.aic.operationalReports.Tests.ViewsUITest"/>
  <testcase name="VerifyViewFilterPage" time="28.305" classname="com.apttus.aic.operationalReports.Tests.ViewsUITest"/>
  <testcase name="DeleteNewWgView" time="11.505" classname="com.apttus.aic.operationalReports.Tests.ViewsUITest"/>
  <testcase name="VerifyViewFieldPageEdt" time="37.848" classname="com.apttus.aic.operationalReports.Tests.ViewsUITest"/>
  <testcase name="RenameNewView" time="14.319" classname="com.apttus.aic.operationalReports.Tests.ViewsUITest"/>
  <testcase name="CloneNewView" time="13.106" classname="com.apttus.aic.operationalReports.Tests.ViewsUITest"/>
  <testcase name="ActivatedNewView" time="11.000" classname="com.apttus.aic.operationalReports.Tests.ViewsUITest"/>
</testsuite> <!-- com.apttus.aic.operationalReports.Tests.ViewsUITest -->
