<?xml version="1.0" encoding="UTF-8"?>
<!-- Generated by org.testng.reporters.JUnitReportReporter -->
<testsuite hostname="L005614" name="com.apttus.aic.operationalReports.Tests.PlatformToolsTests" tests="13" failures="0" timestamp="6 Aug 2018 07:26:16 GMT" time="23.804" errors="0">
  <testcase name="deleteReportDefn" time="2.027" classname="com.apttus.aic.operationalReports.Tests.PlatformToolsTests"/>
  <testcase name="getAllReports" time="1.596" classname="com.apttus.aic.operationalReports.Tests.PlatformToolsTests"/>
  <testcase name="getReportDefinition" time="1.776" classname="com.apttus.aic.operationalReports.Tests.PlatformToolsTests"/>
  <testcase name="createReport" time="1.952" classname="com.apttus.aic.operationalReports.Tests.PlatformToolsTests"/>
  <testcase name="createDashboardDefn" time="2.131" classname="com.apttus.aic.operationalReports.Tests.PlatformToolsTests"/>
  <testcase name="getDashboardDetailsDefn" time="1.527" classname="com.apttus.aic.operationalReports.Tests.PlatformToolsTests"/>
  <testcase name="exportReportDetails" time="1.883" classname="com.apttus.aic.operationalReports.Tests.PlatformToolsTests"/>
  <testcase name="updateDashboardDefn" time="1.715" classname="com.apttus.aic.operationalReports.Tests.PlatformToolsTests"/>
  <testcase name="cloneDashboardDefn" time="1.843" classname="com.apttus.aic.operationalReports.Tests.PlatformToolsTests"/>
  <testcase name="generateReportRun" time="1.798" classname="com.apttus.aic.operationalReports.Tests.PlatformToolsTests"/>
  <testcase name="deleteDashboard" time="1.908" classname="com.apttus.aic.operationalReports.Tests.PlatformToolsTests"/>
  <testcase name="updateReportDefn" time="1.819" classname="com.apttus.aic.operationalReports.Tests.PlatformToolsTests"/>
  <testcase name="cloneReport" time="1.829" classname="com.apttus.aic.operationalReports.Tests.PlatformToolsTests"/>
</testsuite> <!-- com.apttus.aic.operationalReports.Tests.PlatformToolsTests -->
