<?xml version="1.0" encoding="UTF-8"?>
<!-- Generated by org.testng.reporters.JUnitReportReporter -->
<testsuite hostname="L005614" name="com.apttus.aic.operationalReports.Tests.ManageReportTests" tests="4" failures="0" timestamp="6 Aug 2018 14:16:31 GMT" time="117.064" errors="0">
  <testcase name="verifyShareReportToSingleUser" time="26.966" classname="com.apttus.aic.operationalReports.Tests.ManageReportTests"/>
  <testcase name="verifyShareReportToMultipleUser" time="30.137" classname="com.apttus.aic.operationalReports.Tests.ManageReportTests"/>
  <testcase name="verifyShareReportToSingleUserGroup" time="28.358" classname="com.apttus.aic.operationalReports.Tests.ManageReportTests"/>
  <testcase name="verifyShareReportToMultipleUserGroup" time="31.603" classname="com.apttus.aic.operationalReports.Tests.ManageReportTests"/>
</testsuite> <!-- com.apttus.aic.operationalReports.Tests.ManageReportTests -->
